\BOOKMARK [0][-]{figure.caption.2}{\376\377\000C\000e\000r\000t\000i\000f\000i\000c\000a\000t\000e\000\040\000o\000f\000\040\000A\000p\000p\000r\000o\000v\000a\000l}{}% 1
\BOOKMARK [0][-]{chapter*.3}{\376\377\000C\000o\000p\000y\000r\000i\000g\000h\000t}{}% 2
\BOOKMARK [0][-]{chapter*.5}{\376\377\000A\000c\000k\000n\000o\000w\000l\000e\000d\000g\000e\000m\000e\000n\000t}{}% 3
\BOOKMARK [0][-]{chapter*.6}{\376\377\000A\000b\000s\000t\000r\000a\000c\000t}{}% 4
\BOOKMARK [0][-]{chapter*.8}{\376\377\000L\000i\000s\000t\000\040\000o\000f\000\040\000F\000i\000g\000u\000r\000e\000s}{}% 5
\BOOKMARK [0][-]{chapter*.9}{\376\377\000L\000i\000s\000t\000\040\000o\000f\000\040\000T\000a\000b\000l\000e\000s}{}% 6
\BOOKMARK [0][-]{chapter*.10}{\376\377\000L\000i\000s\000t\000\040\000o\000f\000\040\000A\000b\000b\000r\000e\000v\000i\000a\000t\000i\000o\000n}{}% 7
\BOOKMARK [0][-]{chapter.1}{\376\377\000I\000n\000t\000r\000o\000d\000u\000c\000t\000i\000o\000n}{}% 8
\BOOKMARK [1][-]{section.1.1}{\376\377\000B\000a\000c\000k\000g\000r\000o\000u\000n\000d}{chapter.1}% 9
\BOOKMARK [1][-]{section.1.2}{\376\377\000C\000o\000m\000p\000a\000r\000i\000s\000o\000n\000\040\000o\000f\000\040\000D\000C\000T\000\040\000c\000o\000e\000f\000f\000i\000c\000i\000e\000n\000t\000s\000\040\000o\000f\000\040\000C\000o\000v\000e\000r\000\040\000a\000n\000d\000\040\000S\000t\000e\000g\000o\000\040\000I\000m\000a\000g\000e}{chapter.1}% 10
\BOOKMARK [1][-]{section.1.3}{\376\377\000M\000o\000t\000i\000v\000a\000t\000i\000o\000n}{chapter.1}% 11
\BOOKMARK [1][-]{section.1.4}{\376\377\000P\000r\000o\000b\000l\000e\000m\000\040\000S\000t\000a\000t\000e\000m\000e\000n\000t}{chapter.1}% 12
\BOOKMARK [1][-]{section.1.5}{\376\377\000O\000b\000j\000e\000c\000t\000i\000v\000e\000s}{chapter.1}% 13
\BOOKMARK [1][-]{section.1.6}{\376\377\000S\000c\000o\000p\000e\000\040\000a\000n\000d\000\040\000a\000p\000p\000l\000i\000c\000a\000t\000i\000o\000n}{chapter.1}% 14
\BOOKMARK [0][-]{chapter.2}{\376\377\000L\000i\000t\000e\000r\000a\000t\000u\000r\000e\000\040\000R\000e\000v\000i\000e\000w}{}% 15
\BOOKMARK [0][-]{chapter.3}{\376\377\000R\000e\000q\000u\000i\000r\000e\000m\000e\000n\000t\000s\000\040\000A\000n\000a\000l\000y\000s\000i\000s}{}% 16
\BOOKMARK [1][-]{section.3.1}{\376\377\000S\000o\000f\000t\000w\000a\000r\000e\000\040\000R\000e\000q\000u\000i\000r\000e\000m\000e\000n\000t\000s}{chapter.3}% 17
\BOOKMARK [1][-]{section.3.2}{\376\377\000H\000a\000r\000d\000w\000a\000r\000e\000\040\000R\000e\000q\000u\000i\000r\000e\000m\000e\000n\000t\000s}{chapter.3}% 18
\BOOKMARK [1][-]{section.3.3}{\376\377\000F\000u\000n\000c\000t\000i\000o\000n\000a\000l\000\040\000R\000e\000q\000u\000i\000r\000e\000m\000e\000n\000t\000s}{chapter.3}% 19
\BOOKMARK [1][-]{section.3.4}{\376\377\000N\000o\000n\000-\000F\000u\000n\000c\000t\000i\000o\000n\000a\000l\000\040\000R\000e\000q\000u\000i\000r\000e\000m\000e\000n\000t\000s}{chapter.3}% 20
\BOOKMARK [0][-]{chapter.4}{\376\377\000F\000e\000a\000s\000i\000b\000i\000l\000i\000t\000y\000\040\000s\000t\000u\000d\000y}{}% 21
\BOOKMARK [1][-]{section.4.1}{\376\377\000T\000e\000c\000h\000n\000i\000c\000a\000l\000\040\000F\000e\000a\000s\000i\000b\000i\000l\000i\000t\000y}{chapter.4}% 22
\BOOKMARK [1][-]{section.4.2}{\376\377\000E\000c\000o\000n\000o\000m\000i\000c\000a\000l\000\040\000F\000e\000a\000s\000i\000b\000i\000l\000i\000t\000y}{chapter.4}% 23
\BOOKMARK [1][-]{section.4.3}{\376\377\000O\000p\000e\000r\000a\000t\000i\000o\000n\000a\000l\000\040\000F\000e\000a\000s\000i\000b\000i\000l\000i\000t\000y}{chapter.4}% 24
\BOOKMARK [1][-]{section.4.4}{\376\377\000S\000c\000h\000e\000d\000u\000l\000e\000\040\000f\000e\000a\000s\000i\000b\000i\000l\000i\000t\000y}{chapter.4}% 25
\BOOKMARK [1][-]{section.4.5}{\376\377\000G\000a\000n\000t\000t\000\040\000C\000h\000a\000r\000t}{chapter.4}% 26
\BOOKMARK [0][-]{chapter.5}{\376\377\000M\000e\000t\000h\000o\000d\000o\000l\000o\000g\000y}{}% 27
\BOOKMARK [1][-]{section.5.1}{\376\377\000D\000a\000t\000a\000\040\000C\000o\000l\000l\000e\000c\000t\000i\000o\000n}{chapter.5}% 28
\BOOKMARK [1][-]{section.5.2}{\376\377\000P\000r\000e\000-\000f\000e\000a\000t\000u\000r\000e\000\040\000S\000p\000a\000c\000e}{chapter.5}% 29
\BOOKMARK [1][-]{section.5.3}{\376\377\000F\000e\000a\000t\000u\000r\000e\000\040\000e\000x\000t\000r\000a\000c\000t\000i\000o\000n}{chapter.5}% 30
\BOOKMARK [2][-]{subsection.5.3.1}{\376\377\000J\000P\000E\000G\000\040\000C\000o\000e\000f\000f\000i\000c\000i\000e\000n\000t\000\040\000A\000n\000a\000l\000y\000s\000i\000s}{section.5.3}% 31
\BOOKMARK [2][-]{subsection.5.3.2}{\376\377\000T\000r\000u\000n\000c\000a\000t\000i\000o\000n}{section.5.3}% 32
\BOOKMARK [2][-]{subsection.5.3.3}{\376\377\000F\000e\000a\000t\000u\000r\000e\000\040\000S\000e\000t\000\040\000C\000r\000e\000a\000t\000i\000o\000n}{section.5.3}% 33
\BOOKMARK [1][-]{section.5.4}{\376\377\000E\000n\000s\000e\000m\000b\000l\000e\000\040\000C\000l\000a\000s\000s\000i\000f\000i\000e\000r\000s}{chapter.5}% 34
\BOOKMARK [2][-]{subsection.5.4.1}{\376\377\000A\000l\000g\000o\000r\000i\000t\000h\000m}{section.5.4}% 35
\BOOKMARK [1][-]{section.5.5}{\376\377\000M\000o\000d\000e\000l\000\040\000T\000r\000a\000i\000n\000i\000n\000g\000\040\000A\000p\000p\000r\000o\000a\000c\000h}{chapter.5}% 36
\BOOKMARK [1][-]{section.5.6}{\376\377\000F\000L\000D\000\040\000a\000s\000\040\000B\000a\000s\000e\000\040\000L\000e\000a\000r\000n\000e\000r}{chapter.5}% 37
\BOOKMARK [2][-]{subsection.5.6.1}{\376\377\000F\000L\000D\000\040\000a\000l\000g\000o\000r\000i\000t\000h\000m\000\040\000f\000o\000r\000\040\000I\000m\000a\000g\000e\000\040\000s\000t\000e\000g\000a\000n\000a\000l\000y\000s\000i\000s}{section.5.6}% 38
\BOOKMARK [2][-]{subsection.5.6.2}{\376\377\000M\000a\000t\000h\000e\000m\000a\000t\000i\000c\000s}{section.5.6}% 39
\BOOKMARK [0][-]{chapter.6}{\376\377\000S\000y\000s\000t\000e\000m\000\040\000D\000e\000s\000i\000g\000n\000\040\000a\000n\000d\000\040\000A\000r\000c\000h\000i\000t\000e\000c\000u\000r\000e}{}% 40
\BOOKMARK [1][-]{section.6.1}{\376\377\000U\000S\000E\000\040\000C\000A\000S\000E\000\040\000D\000I\000A\000G\000R\000A\000M}{chapter.6}% 41
\BOOKMARK [1][-]{section.6.2}{\376\377\000S\000E\000Q\000U\000E\000N\000C\000E\000\040\000D\000I\000A\000G\000R\000A\000M}{chapter.6}% 42
\BOOKMARK [1][-]{section.6.3}{\376\377\000S\000Y\000S\000T\000E\000M\000\040\000B\000L\000O\000C\000K\000\040\000D\000I\000A\000G\000R\000A\000M}{chapter.6}% 43
\BOOKMARK [1][-]{section.6.4}{\376\377\000S\000y\000s\000t\000e\000m\000\040\000A\000r\000c\000h\000i\000t\000e\000c\000t\000u\000r\000e}{chapter.6}% 44
\BOOKMARK [0][-]{chapter.7}{\376\377\000R\000e\000s\000u\000l\000t\000\040\000a\000n\000d\000\040\000D\000i\000s\000c\000u\000s\000s\000i\000o\000n}{}% 45
\BOOKMARK [0][-]{chapter.8}{\376\377\000E\000x\000p\000e\000r\000i\000m\000e\000n\000t\000s}{}% 46
\BOOKMARK [1][-]{section.8.1}{\376\377\000D\000a\000t\000a\000s\000e\000t\000\040\000P\000r\000e\000p\000a\000r\000a\000t\000i\000o\000n}{chapter.8}% 47
\BOOKMARK [1][-]{section.8.2}{\376\377\000T\000r\000a\000i\000n\000i\000g\000\040\000t\000h\000e\000\040\000E\000n\000s\000e\000m\000b\000l\000e\000\040\000M\000o\000d\000e\000l}{chapter.8}% 48
\BOOKMARK [2][-]{subsection.8.2.1}{\376\377\000D\000C\000T\000R\000\040\000F\000e\000a\000t\000u\000r\000e}{section.8.2}% 49
\BOOKMARK [2][-]{subsection.8.2.2}{\376\377\000C\000C\000-\000C\000N\000\040\000F\000e\000a\000t\000u\000r\000e}{section.8.2}% 50
\BOOKMARK [2][-]{subsection.8.2.3}{\376\377\000C\000C\000-\000C\000H\000E\000N\000\040\000F\000e\000a\000t\000u\000r\000e}{section.8.2}% 51
\BOOKMARK [1][-]{section.8.3}{\376\377\000C\000h\000a\000n\000g\000i\000n\000g\000\040\000d\000i\000f\000f\000e\000r\000e\000n\000t\000\040\000p\000a\000r\000a\000m\000e\000t\000e\000r\000s}{chapter.8}% 52
\BOOKMARK [1][-]{section.8.4}{\376\377\000C\000o\000m\000p\000a\000r\000i\000s\000o\000n\000\040\000b\000e\000t\000w\000e\000e\000n\000\040\000M\000A\000T\000L\000A\000B\000\040\000a\000n\000d\000\040\000P\000y\000t\000h\000o\000n}{chapter.8}% 53
\BOOKMARK [1][-]{section.8.5}{\376\377\000R\000e\000s\000u\000l\000t}{chapter.8}% 54
\BOOKMARK [2][-]{subsection.8.5.1}{\376\377\000T\000i\000m\000e\000\040\000r\000e\000q\000u\000i\000r\000e\000m\000e\000n\000t\000s}{section.8.5}% 55
\BOOKMARK [2][-]{subsection.8.5.2}{\376\377\000R\000O\000C\000\040\000C\000u\000r\000v\000e}{section.8.5}% 56
\BOOKMARK [2][-]{subsection.8.5.3}{\376\377\000O\000O\000B\000\040\000V\000s\000\040\000L}{section.8.5}% 57
\BOOKMARK [2][-]{subsection.8.5.4}{\376\377\000C\000o\000n\000f\000u\000s\000i\000o\000n\000\040\000M\000a\000t\000r\000i\000x}{section.8.5}% 58
\BOOKMARK [2][-]{subsection.8.5.5}{\376\377\000H\000i\000s\000t\000o\000g\000r\000a\000m}{section.8.5}% 59
\BOOKMARK [1][-]{section.8.6}{\376\377\000M\000o\000d\000e\000l\000\040\000E\000v\000a\000l\000u\000a\000t\000i\000o\000n}{chapter.8}% 60
\BOOKMARK [2][-]{subsection.8.6.1}{\376\377\000P\000e\000r\000f\000o\000r\000m\000a\000n\000c\000e\000\040\000M\000e\000t\000r\000i\000c\000e\000s}{section.8.6}% 61
\BOOKMARK [2][-]{subsection.8.6.2}{\376\377\000R\000e\000c\000a\000l\000l}{section.8.6}% 62
\BOOKMARK [2][-]{subsection.8.6.3}{\376\377\000F\0001\000\040\000S\000c\000o\000r\000e}{section.8.6}% 63
\BOOKMARK [0][-]{chapter.9}{\376\377\000C\000o\000n\000c\000l\000u\000s\000i\000o\000n}{}% 64
\BOOKMARK [0][-]{chapter.10}{\376\377\000L\000i\000m\000i\000t\000a\000t\000i\000o\000n\000s\000\040\000a\000n\000d\000\040\000F\000u\000t\000u\000r\000e\000\040\000E\000n\000h\000a\000n\000c\000e\000m\000e\000n\000t\000s}{}% 65
\BOOKMARK [1][-]{subsection.10.0.1}{\376\377\000L\000i\000m\000i\000t\000a\000t\000i\000o\000n\000s}{chapter.10}% 66
\BOOKMARK [2][-]{subsection.10.0.2}{\376\377\000F\000u\000t\000u\000r\000e\000\040\000E\000n\000h\000a\000n\000c\000e\000m\000e\000n\000t\000s}{subsection.10.0.1}% 67
\BOOKMARK [0][-]{chapter.11}{\376\377\000B\000i\000b\000l\000i\000o\000g\000r\000a\000p\000h\000y}{}% 68
\BOOKMARK [0][-]{chapter*.47}{\376\377\000A\000p\000p\000e\000n\000d\000i\000x}{}% 69
