\BOOKMARK [0][-]{figure.caption.2}{\376\377\000C\000e\000r\000t\000i\000f\000i\000c\000a\000t\000e\000\040\000o\000f\000\040\000A\000p\000p\000r\000o\000v\000a\000l}{}% 1
\BOOKMARK [0][-]{chapter*.3}{\376\377\000C\000o\000p\000y\000r\000i\000g\000h\000t}{}% 2
\BOOKMARK [0][-]{chapter*.5}{\376\377\000A\000c\000k\000n\000o\000w\000l\000e\000d\000g\000e\000m\000e\000n\000t}{}% 3
\BOOKMARK [0][-]{chapter*.6}{\376\377\000A\000b\000s\000t\000r\000a\000c\000t}{}% 4
\BOOKMARK [0][-]{chapter*.6}{\376\377\000T\000a\000b\000l\000e\000\040\000o\000f\000\040\000C\000o\000n\000t\000e\000n\000t\000s}{}% 5
\BOOKMARK [0][-]{chapter*.8}{\376\377\000L\000i\000s\000t\000\040\000o\000f\000\040\000F\000i\000g\000u\000r\000e\000s}{}% 6
\BOOKMARK [0][-]{chapter*.9}{\376\377\000L\000i\000s\000t\000\040\000o\000f\000\040\000T\000a\000b\000l\000e\000s}{}% 7
\BOOKMARK [0][-]{chapter*.10}{\376\377\000L\000i\000s\000t\000\040\000o\000f\000\040\000A\000b\000b\000r\000e\000v\000i\000a\000t\000i\000o\000n}{}% 8
\BOOKMARK [0][-]{chapter.1}{\376\377\000I\000n\000t\000r\000o\000d\000u\000c\000t\000i\000o\000n}{}% 9
\BOOKMARK [1][-]{section.1.1}{\376\377\000B\000a\000c\000k\000g\000r\000o\000u\000n\000d}{chapter.1}% 10
\BOOKMARK [1][-]{section.1.2}{\376\377\000C\000o\000m\000p\000a\000r\000i\000s\000o\000n\000\040\000o\000f\000\040\000D\000C\000T\000\040\000c\000o\000e\000f\000f\000i\000c\000i\000e\000n\000t\000s\000\040\000o\000f\000\040\000c\000o\000v\000e\000r\000\040\000a\000n\000d\000\040\000s\000t\000e\000g\000o\000\040\000i\000m\000a\000g\000e}{chapter.1}% 11
\BOOKMARK [1][-]{section.1.3}{\376\377\000M\000o\000t\000i\000v\000a\000t\000i\000o\000n}{chapter.1}% 12
\BOOKMARK [1][-]{section.1.4}{\376\377\000P\000r\000o\000b\000l\000e\000m\000\040\000S\000t\000a\000t\000e\000m\000e\000n\000t}{chapter.1}% 13
\BOOKMARK [1][-]{section.1.5}{\376\377\000O\000b\000j\000e\000c\000t\000i\000v\000e\000s}{chapter.1}% 14
\BOOKMARK [1][-]{section.1.6}{\376\377\000S\000c\000o\000p\000e\000\040\000a\000n\000d\000\040\000a\000p\000p\000l\000i\000c\000a\000t\000i\000o\000n}{chapter.1}% 15
\BOOKMARK [0][-]{chapter.2}{\376\377\000L\000i\000t\000e\000r\000a\000t\000u\000r\000e\000\040\000R\000e\000v\000i\000e\000w}{}% 16
\BOOKMARK [0][-]{chapter.3}{\376\377\000R\000e\000q\000u\000i\000r\000e\000m\000e\000n\000t\000s\000\040\000A\000n\000a\000l\000y\000s\000i\000s}{}% 17
\BOOKMARK [1][-]{section.3.1}{\376\377\000S\000o\000f\000t\000w\000a\000r\000e\000\040\000R\000e\000q\000u\000i\000r\000e\000m\000e\000n\000t\000s}{chapter.3}% 18
\BOOKMARK [1][-]{section.3.2}{\376\377\000H\000a\000r\000d\000w\000a\000r\000e\000\040\000R\000e\000q\000u\000i\000r\000e\000m\000e\000n\000t\000s}{chapter.3}% 19
\BOOKMARK [1][-]{section.3.3}{\376\377\000F\000u\000n\000c\000t\000i\000o\000n\000a\000l\000\040\000R\000e\000q\000u\000i\000r\000e\000m\000e\000n\000t\000s}{chapter.3}% 20
\BOOKMARK [1][-]{section.3.4}{\376\377\000N\000o\000n\000-\000F\000u\000n\000c\000t\000i\000o\000n\000a\000l\000\040\000R\000e\000q\000u\000i\000r\000e\000m\000e\000n\000t\000s}{chapter.3}% 21
\BOOKMARK [0][-]{chapter.4}{\376\377\000F\000e\000a\000s\000i\000b\000i\000l\000i\000t\000y\000\040\000s\000t\000u\000d\000y}{}% 22
\BOOKMARK [1][-]{section.4.1}{\376\377\000T\000e\000c\000h\000n\000i\000c\000a\000l\000\040\000F\000e\000a\000s\000i\000b\000i\000l\000i\000t\000y}{chapter.4}% 23
\BOOKMARK [1][-]{section.4.2}{\376\377\000E\000c\000o\000n\000o\000m\000i\000c\000a\000l\000\040\000F\000e\000a\000s\000i\000b\000i\000l\000i\000t\000y}{chapter.4}% 24
\BOOKMARK [1][-]{section.4.3}{\376\377\000O\000p\000e\000r\000a\000t\000i\000o\000n\000a\000l\000\040\000F\000e\000a\000s\000i\000b\000i\000l\000i\000t\000y}{chapter.4}% 25
\BOOKMARK [1][-]{section.4.4}{\376\377\000S\000c\000h\000e\000d\000u\000l\000e\000\040\000f\000e\000a\000s\000i\000b\000i\000l\000i\000t\000y}{chapter.4}% 26
\BOOKMARK [1][-]{section.4.5}{\376\377\000G\000a\000n\000t\000t\000\040\000C\000h\000a\000r\000t}{chapter.4}% 27
\BOOKMARK [0][-]{chapter.5}{\376\377\000M\000e\000t\000h\000o\000d\000o\000l\000o\000g\000y}{}% 28
\BOOKMARK [1][-]{section.5.1}{\376\377\000D\000a\000t\000a\000\040\000C\000o\000l\000l\000e\000c\000t\000i\000o\000n}{chapter.5}% 29
\BOOKMARK [1][-]{section.5.2}{\376\377\000D\000a\000t\000a\000s\000e\000t\000\040\000P\000r\000e\000-\000p\000r\000o\000c\000e\000s\000s\000i\000n\000g}{chapter.5}% 30
\BOOKMARK [1][-]{section.5.3}{\376\377\000F\000e\000a\000t\000u\000r\000e\000\040\000e\000x\000t\000r\000a\000c\000t\000i\000o\000n}{chapter.5}% 31
\BOOKMARK [2][-]{subsection.5.3.1}{\376\377\000J\000P\000E\000G\000\040\000C\000o\000e\000f\000f\000i\000c\000i\000e\000n\000t\000\040\000A\000n\000a\000l\000y\000s\000i\000s}{section.5.3}% 32
\BOOKMARK [2][-]{subsection.5.3.2}{\376\377\000T\000r\000u\000n\000c\000a\000t\000i\000o\000n}{section.5.3}% 33
\BOOKMARK [2][-]{subsection.5.3.3}{\376\377\000F\000e\000a\000t\000u\000r\000e\000\040\000S\000e\000t\000\040\000C\000r\000e\000a\000t\000i\000o\000n}{section.5.3}% 34
\BOOKMARK [1][-]{section.5.4}{\376\377\000E\000n\000s\000e\000m\000b\000l\000e\000\040\000C\000l\000a\000s\000s\000i\000f\000i\000e\000r\000s}{chapter.5}% 35
\BOOKMARK [2][-]{subsection.5.4.1}{\376\377\000A\000l\000g\000o\000r\000i\000t\000h\000m}{section.5.4}% 36
\BOOKMARK [1][-]{section.5.5}{\376\377\000M\000o\000d\000e\000l\000\040\000T\000r\000a\000i\000n\000i\000n\000g\000\040\000A\000p\000p\000r\000o\000a\000c\000h}{chapter.5}% 37
\BOOKMARK [1][-]{section.5.6}{\376\377\000F\000L\000D\000\040\000a\000s\000\040\000B\000a\000s\000e\000\040\000L\000e\000a\000r\000n\000e\000r}{chapter.5}% 38
\BOOKMARK [2][-]{subsection.5.6.1}{\376\377\000F\000L\000D\000\040\000a\000l\000g\000o\000r\000i\000t\000h\000m\000\040\000f\000o\000r\000\040\000I\000m\000a\000g\000e\000\040\000s\000t\000e\000g\000a\000n\000a\000l\000y\000s\000i\000s}{section.5.6}% 39
\BOOKMARK [2][-]{subsection.5.6.2}{\376\377\000F\000u\000n\000d\000a\000m\000e\000n\000t\000a\000l\000s\000\040\000o\000f\000\040\000L\000i\000n\000e\000a\000r\000\040\000D\000i\000s\000c\000r\000i\000m\000i\000n\000a\000n\000t\000\040\000A\000n\000a\000l\000y\000s\000i\000s}{section.5.6}% 40
\BOOKMARK [1][-]{section.5.7}{\376\377\000M\000o\000d\000e\000l\000\040\000E\000v\000a\000l\000u\000a\000t\000i\000o\000n}{chapter.5}% 41
\BOOKMARK [2][-]{subsection.5.7.1}{\376\377\000P\000e\000r\000f\000o\000r\000m\000a\000n\000c\000e\000\040\000M\000e\000t\000r\000i\000c\000s}{section.5.7}% 42
\BOOKMARK [3][-]{subsubsection.5.7.1.1}{\376\377\000P\000r\000e\000c\000i\000s\000i\000o\000n}{subsection.5.7.1}% 43
\BOOKMARK [3][-]{subsubsection.5.7.1.2}{\376\377\000A\000c\000c\000u\000r\000a\000c\000y}{subsection.5.7.1}% 44
\BOOKMARK [3][-]{subsubsection.5.7.1.3}{\376\377\000R\000e\000c\000a\000l\000l}{subsection.5.7.1}% 45
\BOOKMARK [3][-]{subsubsection.5.7.1.4}{\376\377\000F\0001\000\040\000S\000c\000o\000r\000e}{subsection.5.7.1}% 46
\BOOKMARK [0][-]{chapter.6}{\376\377\000S\000y\000s\000t\000e\000m\000\040\000D\000e\000s\000i\000g\000n\000\040\000a\000n\000d\000\040\000A\000r\000c\000h\000i\000t\000e\000c\000u\000r\000e}{}% 47
\BOOKMARK [1][-]{section.6.1}{\376\377\000U\000s\000e\000\040\000C\000a\000s\000e\000\040\000D\000i\000a\000g\000r\000a\000m}{chapter.6}% 48
\BOOKMARK [1][-]{section.6.2}{\376\377\000S\000e\000q\000u\000e\000n\000c\000e\000\040\000D\000i\000a\000g\000r\000a\000m}{chapter.6}% 49
\BOOKMARK [1][-]{section.6.3}{\376\377\000S\000y\000s\000t\000e\000m\000\040\000B\000l\000o\000c\000k\000\040\000D\000i\000a\000g\000r\000a\000m}{chapter.6}% 50
\BOOKMARK [1][-]{section.6.4}{\376\377\000S\000y\000s\000t\000e\000m\000\040\000A\000r\000c\000h\000i\000t\000e\000c\000t\000u\000r\000e}{chapter.6}% 51
\BOOKMARK [0][-]{chapter.7}{\376\377\000R\000e\000s\000u\000l\000t\000\040\000a\000n\000d\000\040\000D\000i\000s\000c\000u\000s\000s\000i\000o\000n}{}% 52
\BOOKMARK [1][-]{section.7.1}{\376\377\000D\000a\000t\000a\000s\000e\000t\000\040\000P\000r\000e\000p\000a\000r\000a\000t\000i\000o\000n}{chapter.7}% 53
\BOOKMARK [1][-]{section.7.2}{\376\377\000T\000r\000a\000i\000n\000i\000n\000g\000\040\000t\000h\000e\000\040\000E\000n\000s\000e\000m\000b\000l\000e\000\040\000M\000o\000d\000e\000l}{chapter.7}% 54
\BOOKMARK [2][-]{subsection.7.2.1}{\376\377\000D\000C\000T\000R\000\040\000F\000e\000a\000t\000u\000r\000e}{section.7.2}% 55
\BOOKMARK [2][-]{subsection.7.2.2}{\376\377\000C\000C\000-\000C\000N\000\040\000F\000e\000a\000t\000u\000r\000e}{section.7.2}% 56
\BOOKMARK [2][-]{subsection.7.2.3}{\376\377\000C\000C\000-\000C\000H\000E\000N\000\040\000F\000e\000a\000t\000u\000r\000e}{section.7.2}% 57
\BOOKMARK [1][-]{section.7.3}{\376\377\000C\000h\000a\000n\000g\000i\000n\000g\000\040\000d\000i\000f\000f\000e\000r\000e\000n\000t\000\040\000p\000a\000r\000a\000m\000e\000t\000e\000r\000s}{chapter.7}% 58
\BOOKMARK [1][-]{section.7.4}{\376\377\000D\000i\000s\000c\000u\000s\000s\000i\000o\000n}{chapter.7}% 59
\BOOKMARK [1][-]{section.7.5}{\376\377\000R\000e\000s\000u\000l\000t}{chapter.7}% 60
\BOOKMARK [2][-]{subsection.7.5.1}{\376\377\000T\000i\000m\000e\000\040\000r\000e\000q\000u\000i\000r\000e\000m\000e\000n\000t\000s}{section.7.5}% 61
\BOOKMARK [2][-]{subsection.7.5.2}{\376\377\000R\000O\000C\000\040\000C\000u\000r\000v\000e}{section.7.5}% 62
\BOOKMARK [2][-]{subsection.7.5.3}{\376\377\000O\000O\000B\000\040\000v\000e\000r\000s\000u\000s\000\040\000N\000u\000m\000b\000e\000r\000\040\000o\000f\000\040\000B\000a\000s\000e\000\040\000L\000e\000a\000r\000n\000e\000r\000s}{section.7.5}% 63
\BOOKMARK [2][-]{subsection.7.5.4}{\376\377\000C\000o\000n\000f\000u\000s\000i\000o\000n\000\040\000M\000a\000t\000r\000i\000x}{section.7.5}% 64
\BOOKMARK [2][-]{subsection.7.5.5}{\376\377\000H\000i\000s\000t\000o\000g\000r\000a\000m}{section.7.5}% 65
\BOOKMARK [1][-]{section.7.6}{\376\377\000M\000o\000d\000e\000l\000\040\000E\000v\000a\000l\000u\000a\000t\000i\000o\000n}{chapter.7}% 66
\BOOKMARK [2][-]{subsection.7.6.1}{\376\377\000P\000e\000r\000f\000o\000r\000m\000a\000n\000c\000e\000\040\000M\000e\000t\000r\000i\000c\000e\000s}{section.7.6}% 67
\BOOKMARK [3][-]{subsubsection.7.6.1.1}{\376\377\000P\000r\000e\000c\000i\000s\000i\000o\000n}{subsection.7.6.1}% 68
\BOOKMARK [3][-]{subsubsection.7.6.1.2}{\376\377\000A\000c\000c\000u\000r\000a\000c\000y}{subsection.7.6.1}% 69
\BOOKMARK [3][-]{subsubsection.7.6.1.3}{\376\377\000R\000e\000c\000a\000l\000l}{subsection.7.6.1}% 70
\BOOKMARK [3][-]{subsubsection.7.6.1.4}{\376\377\000F\0001\000\040\000S\000c\000o\000r\000e}{subsection.7.6.1}% 71
\BOOKMARK [0][-]{chapter.8}{\376\377\000C\000o\000n\000c\000l\000u\000s\000i\000o\000n}{}% 72
\BOOKMARK [0][-]{chapter.9}{\376\377\000L\000i\000m\000i\000t\000a\000t\000i\000o\000n\000s\000\040\000a\000n\000d\000\040\000F\000u\000t\000u\000r\000e\000\040\000E\000n\000h\000a\000n\000c\000e\000m\000e\000n\000t\000s}{}% 73
\BOOKMARK [1][-]{subsection.9.0.1}{\376\377\000L\000i\000m\000i\000t\000a\000t\000i\000o\000n\000s}{chapter.9}% 74
\BOOKMARK [2][-]{subsection.9.0.2}{\376\377\000F\000u\000t\000u\000r\000e\000\040\000E\000n\000h\000a\000n\000c\000e\000m\000e\000n\000t\000s}{subsection.9.0.1}% 75
\BOOKMARK [0][-]{chapter.10}{\376\377\000B\000i\000b\000l\000i\000o\000g\000r\000a\000p\000h\000y}{}% 76
\BOOKMARK [0][-]{chapter*.51}{\376\377\000A\000p\000p\000e\000n\000d\000i\000x}{}% 77
\BOOKMARK [1][-]{section.10.1}{\376\377\000D\000e\000m\000o\000n\000s\000t\000r\000a\000t\000i\000o\000n}{chapter*.51}% 78
\BOOKMARK [2][-]{subsection.10.1.1}{\376\377\000H\000o\000m\000e\000P\000a\000g\000e}{section.10.1}% 79
\BOOKMARK [2][-]{subsection.10.1.2}{\376\377\000I\000m\000a\000g\000e\000\040\000U\000p\000l\000o\000a\000d\000\040\000S\000e\000c\000t\000i\000o\000n}{section.10.1}% 80
\BOOKMARK [2][-]{subsection.10.1.3}{\376\377\000S\000e\000l\000e\000c\000t\000i\000n\000g\000\040\000a\000n\000\040\000I\000m\000a\000g\000e}{section.10.1}% 81
\BOOKMARK [2][-]{subsection.10.1.4}{\376\377\000W\000r\000o\000n\000g\000\040\000I\000n\000p\000u\000t\000\040\000F\000o\000r\000m\000a\000t}{section.10.1}% 82
\BOOKMARK [2][-]{subsection.10.1.5}{\376\377\000R\000e\000s\000u\000l\000t\000s}{section.10.1}% 83
\BOOKMARK [1][-]{section.10.2}{\376\377\000M\000o\000d\000e\000l\000\040\000T\000r\000a\000i\000n\000i\000n\000g}{chapter*.51}% 84
\BOOKMARK [2][-]{subsection.10.2.1}{\376\377\000S\000p\000l\000i\000t\000t\000i\000n\000g\000\040\000D\000a\000t\000a\000s\000e\000t}{section.10.2}% 85
\BOOKMARK [3][-]{subsubsection.10.2.1.1}{\376\377\000R\000e\000s\000u\000l\000t\000\040\000a\000f\000t\000e\000r\000\040\000S\000p\000l\000i\000t\000t\000i\000n\000g}{subsection.10.2.1}% 86
\BOOKMARK [2][-]{subsection.10.2.2}{\376\377\000F\000e\000a\000t\000u\000r\000e\000\040\000E\000x\000t\000r\000a\000c\000t\000i\000o\000n}{section.10.2}% 87
\BOOKMARK [2][-]{subsection.10.2.3}{\376\377\000M\000o\000d\000e\000l\000\040\000T\000r\000a\000i\000n\000i\000n\000g}{section.10.2}% 88
